<?xml version="1.0" encoding="UTF-8"?>
<testng-results skipped="0" failed="0" ignored="0" total="1" passed="1">
  <reporter-output>
  </reporter-output>
  <suite name="Suite" duration-ms="4812" started-at="2021-03-18T17:32:22Z" finished-at="2021-03-18T17:32:27Z">
    <groups>
      <group name="cucumber">
        <method signature="AbstractTestNGCucumberTests.feature(cucumber.api.testng.CucumberFeatureWrapper)[pri:0, instance:testcases.TestRunner@4206a205]" name="feature" class="cucumber.api.testng.AbstractTestNGCucumberTests"/>
      </group> <!-- cucumber -->
    </groups>
    <test name="Test" duration-ms="4812" started-at="2021-03-18T17:32:22Z" finished-at="2021-03-18T17:32:27Z">
      <class name="testcases.TestRunner">
        <test-method status="PASS" signature="setUpClass()[pri:0, instance:testcases.TestRunner@4206a205]" name="setUpClass" is-config="true" duration-ms="130" started-at="2021-03-18T17:32:22Z" finished-at="2021-03-18T17:32:22Z">
          <reporter-output>
          </reporter-output>
        </test-method> <!-- setUpClass -->
        <test-method status="PASS" signature="feature(cucumber.api.testng.CucumberFeatureWrapper)[pri:0, instance:testcases.TestRunner@4206a205]" name="feature" duration-ms="4623" started-at="2021-03-18T17:32:22Z" description="Runs Cucumber Feature" data-provider="features" finished-at="2021-03-18T17:32:27Z">
          <params>
            <param index="0">
              <value>
                <![CDATA[Login to Application]]>
              </value>
            </param>
          </params>
          <reporter-output>
          </reporter-output>
        </test-method> <!-- feature -->
        <test-method status="PASS" signature="tearDownClass()[pri:0, instance:testcases.TestRunner@4206a205]" name="tearDownClass" is-config="true" duration-ms="3" started-at="2021-03-18T17:32:27Z" finished-at="2021-03-18T17:32:27Z">
          <reporter-output>
          </reporter-output>
        </test-method> <!-- tearDownClass -->
      </class> <!-- testcases.TestRunner -->
    </test> <!-- Test -->
  </suite> <!-- Suite -->
</testng-results>
